[lanhuongvietanh.iwedding.info/index.html]
[backblue.gif]
[fade.gif]
[index.html]
[lanhuongvietanh.iwedding.info/templates/template18/css/libsaf9d.css]
[lanhuongvietanh.iwedding.info/common/calendaraf9d.css]
[lanhuongvietanh.iwedding.info/templates/template18/css/styleaf9d.css]
[lanhuongvietanh.iwedding.info/templates/template18/css/responsiveaf9d.css]
[lanhuongvietanh.iwedding.info/templates/template18/css/pluginaf9d.css]
[cdn.biihappy.com/ziiweb/website/656350ded6b09c550104ffde/templates/62ef3cfd4c248a18ec5a9b5a/5e9e4d9b84d8bdcc10efe80e2bda4fc2.jpg]
[cdn.biihappy.com/ziiweb/website/656350ded6b09c550104ffde/templates/62ef3cfd4c248a18ec5a9b5a/70031db5886af63bd948e6b63c79ffdd.jpg]
[lanhuongvietanh.iwedding.info/templates/template18/images/body/layer-5.png]
[cdn.biihappy.com/ziiweb/website/656350ded6b09c550104ffde/d1e589d7b4836e80ceab65e09db23faf.jpg]
[cdn.biihappy.com/ziiweb/website/656350ded6b09c550104ffde/d4cc559cd26ca34b7ce86dc014c3e340.jpg]
[lanhuongvietanh.iwedding.info/rsvp.html]
[cdn.biihappy.com/ziiweb/website/656350ded6b09c550104ffde/81a7bb0469156387a6f054e37a07d9b5.jpg]
[cdn.biihappy.com/ziiweb/website/656350ded6b09c550104ffde/9867f3462b1b1010a1ad2e697dc4741d.jpg]
[cdn.biihappy.com/ziiweb/website/656350ded6b09c550104ffde/3076931023f485afc8e88b968c698299.jpg]
[cdn.biihappy.com/ziiweb/website/656350ded6b09c550104ffde/1c8e0badc59c105cb544aa18a2ce2557.jpg]
[cdn.biihappy.com/ziiweb/website/656350ded6b09c550104ffde/7192db48e52c02a488473310a09a46cb.jpg]
[cdn.biihappy.com/ziiweb/website/656350ded6b09c550104ffde/templates/62ef3cfd4c248a18ec5a9b5a/b67ea083a819cb736899f832d7f6535a.jpg]
[lanhuongvietanh.iwedding.info/templates/template18/images/body/layer-3.png]
[cdn.biihappy.com/ziiweb/website/656350ded6b09c550104ffde/templates/62ef3cfd4c248a18ec5a9b5a/f667fdb11f8a3b18bcb06a7368558853.jpg]
[cdn.biihappy.com/ziiweb/website/656350ded6b09c550104ffde/426eecea639f3c64dfc3358d829fb82c.jpg]
[cdn.biihappy.com/ziiweb/default/website/0ea5ba9f2cbe132b3fe488103eb61817.png]
[cdn.biihappy.com/ziiweb/default/website/21b07b7d583692f49091b87facbf2c92.png]
[cdn.biihappy.com/ziiweb/website/656350ded6b09c550104ffde/templates/62ef3cfd4c248a18ec5a9b5a/e34c99270b6e126a3c9aa8aa0a9f9ca2.jpg]
[cdn.biihappy.com/ziiweb/website/656350ded6b09c550104ffde/templates/62ef3cfd4c248a18ec5a9b5a/7b8908c1b73365b28ae127593e3a17f1.jpg]
[cdn.biihappy.com/ziiweb/website/656350ded6b09c550104ffde/galleries/6566c423b360ea96cc03a8be/large.jpg]
[cdn.biihappy.com/ziiweb/website/656350ded6b09c550104ffde/galleries/6566c423b360ea96cc03a8be/small.jpg]
[cdn.biihappy.com/ziiweb/website/656350ded6b09c550104ffde/galleries/6566c45300a6ce8c780bfb70/large.jpg]
[cdn.biihappy.com/ziiweb/website/656350ded6b09c550104ffde/galleries/6566c45300a6ce8c780bfb70/small.jpg]
[cdn.biihappy.com/ziiweb/website/656350ded6b09c550104ffde/galleries/656353a0c85d7a80fa039a1e/large.jpg]
[cdn.biihappy.com/ziiweb/website/656350ded6b09c550104ffde/galleries/656353a0c85d7a80fa039a1e/small.jpg]
[cdn.biihappy.com/ziiweb/website/656350ded6b09c550104ffde/galleries/656352dd2a31a86b6f0c7cbf/large.jpg]
[cdn.biihappy.com/ziiweb/website/656350ded6b09c550104ffde/galleries/656352dd2a31a86b6f0c7cbf/small.jpg]
[cdn.biihappy.com/ziiweb/website/656350ded6b09c550104ffde/galleries/656352e5d6b09c550104ffe4/large.jpg]
[cdn.biihappy.com/ziiweb/website/656350ded6b09c550104ffde/galleries/656352e5d6b09c550104ffe4/small.jpg]
[cdn.biihappy.com/ziiweb/website/656350ded6b09c550104ffde/galleries/656352ef2a31a86b6f0c7cc0/large.jpg]
[cdn.biihappy.com/ziiweb/website/656350ded6b09c550104ffde/galleries/656352ef2a31a86b6f0c7cc0/small.jpg]
[cdn.biihappy.com/ziiweb/website/656350ded6b09c550104ffde/galleries/656352f5501a339c5b044deb/large.jpg]
[cdn.biihappy.com/ziiweb/website/656350ded6b09c550104ffde/galleries/656352f5501a339c5b044deb/small.jpg]
[cdn.biihappy.com/ziiweb/website/656350ded6b09c550104ffde/galleries/6563530172740d96eb06beff/large.jpg]
[cdn.biihappy.com/ziiweb/website/656350ded6b09c550104ffde/galleries/6563530172740d96eb06beff/small.jpg]
[cdn.biihappy.com/ziiweb/website/656350ded6b09c550104ffde/galleries/656353076ef92d3d1a0b2c3f/large.jpg]
[cdn.biihappy.com/ziiweb/website/656350ded6b09c550104ffde/galleries/656353076ef92d3d1a0b2c3f/small.jpg]
[cdn.biihappy.com/ziiweb/website/656350ded6b09c550104ffde/templates/62ef3cfd4c248a18ec5a9b5a/1833bdb0ed82ffafcb36160eadff6fec.jpg]
[cdn.biihappy.com/ziiweb/website/656350ded6b09c550104ffde/77e79c63c8185b479d602e0156725735.jpg]
[cdn.biihappy.com/ziiweb/website/656350ded6b09c550104ffde/c8b0bc87844341a88ddd6b5f57334ae3.jpg]
[lanhuongvietanh.iwedding.info/templates/template18/js/jquery-plugin-collectionaf9d.js]
[lanhuongvietanh.iwedding.info/common/calendaraf9d.js]
[lanhuongvietanh.iwedding.info/templates/template18/js/scriptaf9d.js]
[lanhuongvietanh.iwedding.info/index.html]
[lanhuongvietanh.iwedding.info/common/biiaf9d.js]
[lanhuongvietanh.iwedding.info/templates/template18/fonts/glyphicons-halflings-regular.eot]
[lanhuongvietanh.iwedding.info/templates/template18/fonts/glyphicons-halflings-regulard41d.eot]
[lanhuongvietanh.iwedding.info/templates/template18/fonts/glyphicons-halflings-regular.woff2]
[lanhuongvietanh.iwedding.info/templates/template18/fonts/glyphicons-halflings-regular.woff]
[lanhuongvietanh.iwedding.info/templates/template18/fonts/glyphicons-halflings-regular.ttf]
[lanhuongvietanh.iwedding.info/templates/template18/fonts/glyphicons-halflings-regular.svg]
[lanhuongvietanh.iwedding.info/templates/template18/fonts/fontawesome-webfont3e6e3e6e3e6e.eot]
[lanhuongvietanh.iwedding.info/templates/template18/fonts/fontawesome-webfontd41dd41dd41d.eot]
[lanhuongvietanh.iwedding.info/templates/template18/fonts/fontawesome-webfont3e6e3e6e3e6e.html]
[lanhuongvietanh.iwedding.info/templates/template18/fonts/fontawesome-webfont3e6e3e6e3e6e.woff]
[lanhuongvietanh.iwedding.info/templates/template18/fonts/fontawesome-webfont3e6e3e6e3e6e.ttf]
[lanhuongvietanh.iwedding.info/templates/template18/fonts/fontawesome-webfont3e6e3e6e3e6e.svg]
[lanhuongvietanh.iwedding.info/templates/template18/css/owl.video.play.png/index.html]
[lanhuongvietanh.iwedding.info/templates/template18/css/ytp-regular.html/index.html]
[lanhuongvietanh.iwedding.info/templates/template18/css/libsaf9d.css]
[lanhuongvietanh.iwedding.info/common/calendaraf9d.css]
[lanhuongvietanh.iwedding.info/templates/template18/fonts/MeriendaRegular.eot]
[lanhuongvietanh.iwedding.info/templates/template18/fonts/MeriendaRegular.woff2]
[lanhuongvietanh.iwedding.info/templates/template18/fonts/MeriendaRegular.woff]
[lanhuongvietanh.iwedding.info/templates/template18/fonts/MeriendaRegular.ttf]
[lanhuongvietanh.iwedding.info/templates/template18/fonts/MeriendaRegular.svg]
[lanhuongvietanh.iwedding.info/templates/template18/images/header/breadcrumb.jpg]
[lanhuongvietanh.iwedding.info/templates/template18/images/body/fancy.png]
[lanhuongvietanh.iwedding.info/templates/template18/images/body/fancy-1.png]
[lanhuongvietanh.iwedding.info/templates/template18/images/rsvp/f1.png]
[lanhuongvietanh.iwedding.info/templates/template18/images/section/gl-9.jpg]
[lanhuongvietanh.iwedding.info/templates/template18/images/rsvp/f2.png]
[lanhuongvietanh.iwedding.info/templates/template18/images/section/bg-gift.jpg]
[lanhuongvietanh.iwedding.info/templates/template18/images/footer/footer-c.png]
[lanhuongvietanh.iwedding.info/templates/template18/css/styleaf9d.css]
[lanhuongvietanh.iwedding.info/templates/template18/css/responsiveaf9d.css]
[lanhuongvietanh.iwedding.info/templates/template18/fonts/ionicons28b528b5.eot/index28b528b5.html]
[lanhuongvietanh.iwedding.info/templates/template18/fonts/ionicons28b528b5.ttf/index28b528b5.html]
[lanhuongvietanh.iwedding.info/templates/template18/fonts/ionicons28b528b5.woff/index28b528b5.html]
[lanhuongvietanh.iwedding.info/templates/template18/fonts/ionicons28b528b5.svg/index28b528b5.html]
[lanhuongvietanh.iwedding.info/templates/template18/fonts/et-line.eot/index.html]
[lanhuongvietanh.iwedding.info/templates/template18/fonts/et-lined41d.eot/indexd41d.html]
[lanhuongvietanh.iwedding.info/templates/template18/fonts/et-line.woff/index.html]
[lanhuongvietanh.iwedding.info/templates/template18/fonts/et-line.ttf/index.html]
[lanhuongvietanh.iwedding.info/templates/template18/fonts/et-line.svg/index.html]
[lanhuongvietanh.iwedding.info/templates/template18/images/fancybox_sprite.png/index.html]
[lanhuongvietanh.iwedding.info/templates/template18/images/fancybox_loading.gif/index.html]
[lanhuongvietanh.iwedding.info/templates/template18/images/blank.html/index.html]
[lanhuongvietanh.iwedding.info/templates/template18/images/fancybox_overlay.png/index.html]
[lanhuongvietanh.iwedding.info/templates/template18/images/fancybox_sprite@2x.png/index.html]
[lanhuongvietanh.iwedding.info/templates/template18/images/fancybox_loading@2x.gif/index.html]
[lanhuongvietanh.iwedding.info/templates/template18/css/pluginaf9d.css]
[lanhuongvietanh.iwedding.info/rsvp-template/favicon.ico]
[cdn.jsdelivr.net/npm/bootstrap@5.2.0/dist/css/bootstrap.min.css]
[lanhuongvietanh.iwedding.info/album/heart.gif]
[lanhuongvietanh.iwedding.info/rsvp.html]
[lanhuongvietanh.iwedding.info/templates/template18/fonts/glyphicons-halflings-regular.html]
[lanhuongvietanh.iwedding.info/templates/template18/fonts/glyphicons-halflings-regular.svg]
[lanhuongvietanh.iwedding.info/templates/template18/fonts/fontawesome-webfont3e6e3e6e3e6e.html]
[lanhuongvietanh.iwedding.info/templates/template18/fonts/fontawesome-webfont3e6e3e6e3e6e.svg]
[lanhuongvietanh.iwedding.info/templates/template18/css/owl.video.play.png/index.html]
[lanhuongvietanh.iwedding.info/templates/template18/css/ytp-regular.html/index.html]
[lanhuongvietanh.iwedding.info/templates/template18/fonts/MeriendaRegular.svg]
[lanhuongvietanh.iwedding.info/templates/template18/images/header/breadcrumb.html]
[lanhuongvietanh.iwedding.info/templates/template18/images/section/gl-9.html]
[lanhuongvietanh.iwedding.info/templates/template18/images/section/bg-gift.html]
[lanhuongvietanh.iwedding.info/rsvp-template/script4bd6.js]
[htmldesigntemplates.com/wp-includes/css/dist/block-library/style.min7404.css]
[htmldesigntemplates.com/wp-content/themes/hello-elementor/style.min0875.css]
[htmldesigntemplates.com/wp-content/themes/hello-elementor/theme.min0875.css]
[htmldesigntemplates.com/wp-content/plugins/elementor/assets/lib/eicons/css/elementor-icons.min7816.css]
[htmldesigntemplates.com/wp-content/plugins/elementor/assets/css/frontend.min3ab2.css]
[htmldesigntemplates.com/wp-content/uploads/elementor/css/post-74fae.css]
[htmldesigntemplates.com/wp-content/plugins/elementor-pro/assets/css/frontend.mina767.css]
[htmldesigntemplates.com/wp-content/uploads/elementor/css/global4fae.css]
[htmldesigntemplates.com/wp-content/uploads/elementor/css/post-54fae.css]
[htmldesigntemplates.com/wp-content/uploads/elementor/css/post-524fae.css]
[htmldesigntemplates.com/wp-content/uploads/elementor/css/post-3514fae.css]
[htmldesigntemplates.com/wp-content/plugins/elementor/assets/lib/font-awesome/css/fontawesome.min52d5.css]
[htmldesigntemplates.com/wp-content/plugins/elementor/assets/lib/font-awesome/css/solid.min52d5.css]
[htmldesigntemplates.com/wp-content/uploads/2021/06/cropped-fav-32x32.png]
[htmldesigntemplates.com/wp-content/uploads/2021/06/cropped-fav-192x192.png]
[htmldesigntemplates.com/wp-content/uploads/2021/06/cropped-fav-180x180.png]
[htmldesigntemplates.com/cdn-cgi/challenge-platform/h/g/scripts/invisible74d4.js]
[htmldesigntemplates.com/cdn-cgi/challenge-platform/h/g/scripts/jsd/9914b343/main74d4.js]
[htmldesigntemplates.com/wp-content/uploads/2021/06/logo.png]
[htmldesigntemplates.com/wp-content/uploads/2021/06/hero-macbook-1.png]
[htmldesigntemplates.com/wp-content/uploads/2021/06/port6.jpg]
[htmldesigntemplates.com/wp-content/uploads/2021/06/port5.jpg]
[htmldesigntemplates.com/wp-content/uploads/2021/06/welcome6.jpg]
[htmldesigntemplates.com/wp-content/uploads/2021/06/01_yatra_screenshot.__large_preview.jpg]
[htmldesigntemplates.com/wp-content/uploads/2021/06/screenshot-copy.jpg]
[htmldesigntemplates.com/wp-content/uploads/2021/06/magberg.jpg]
[htmldesigntemplates.com/wp-content/uploads/2021/06/perfection.jpg]
[htmldesigntemplates.com/wp-content/uploads/2021/06/01_hotux_screenshot.__large_preview.jpg]
[htmldesigntemplates.com/wp-content/uploads/2021/06/01_swasthye_screenshot.__large_preview.jpg]
[htmldesigntemplates.com/wp-content/uploads/2021/06/test2.png]
[htmldesigntemplates.com/wp-content/uploads/2021/06/test.png]
[htmldesigntemplates.com/wp-content/plugins/elementor/assets/lib/animations/animations.min3ab2.css]
[htmldesigntemplates.com/wp-includes/js/jquery/jquery.minaf6c.js]
[htmldesigntemplates.com/wp-includes/js/jquery/jquery-migrate.mind617.js]
[htmldesigntemplates.com/wp-content/plugins/elementor-pro/assets/lib/smartmenus/jquery.smartmenus.minf269.js]
[htmldesigntemplates.com/wp-content/plugins/elementor/assets/lib/jquery-numerator/jquery-numerator.min3958.js]
[htmldesigntemplates.com/wp-content/plugins/elementor-pro/assets/js/webpack-pro.runtime.mina767.js]
[htmldesigntemplates.com/wp-content/plugins/elementor/assets/js/webpack.runtime.min3ab2.js]
[htmldesigntemplates.com/wp-content/plugins/elementor/assets/js/frontend-modules.min3ab2.js]
[htmldesigntemplates.com/wp-includes/js/dist/vendor/regenerator-runtime.min3937.js]
[htmldesigntemplates.com/wp-includes/js/dist/vendor/wp-polyfill.min2c7c.js]
[htmldesigntemplates.com/wp-includes/js/dist/hooks.min8cbb.js]
[htmldesigntemplates.com/wp-includes/js/dist/i18n.mina28b.js]
[htmldesigntemplates.com/wp-content/plugins/elementor-pro/assets/js/frontend.mina767.js]
[htmldesigntemplates.com/wp-content/plugins/elementor/assets/lib/waypoints/waypoints.min05da.js]
[htmldesigntemplates.com/wp-includes/js/jquery/ui/core.min0028.js]
[htmldesigntemplates.com/wp-content/plugins/elementor/assets/js/frontend.min3ab2.js]
[htmldesigntemplates.com/wp-content/plugins/elementor-pro/assets/js/elements-handlers.mina767.js]
[htmldesigntemplates.com/wp-content/plugins/elementor-pro/assets/lib/sticky/jquery.sticky.mina767.js]
[lanhuongvietanh.iwedding.info/templates/template18/fonts/ionicons28b528b5.eot/index28b528b5.html]
[lanhuongvietanh.iwedding.info/templates/template18/fonts/ionicons28b528b5.ttf/index28b528b5.html]
[lanhuongvietanh.iwedding.info/templates/template18/fonts/ionicons28b528b5.woff/index28b528b5.html]
[lanhuongvietanh.iwedding.info/templates/template18/fonts/ionicons28b528b5.svg/index28b528b5.html]
[lanhuongvietanh.iwedding.info/templates/template18/fonts/et-line.eot/index.html]
[lanhuongvietanh.iwedding.info/templates/template18/fonts/et-lined41d.eot/indexd41d.html]
[lanhuongvietanh.iwedding.info/templates/template18/fonts/et-line.woff/index.html]
[lanhuongvietanh.iwedding.info/templates/template18/fonts/et-line.ttf/index.html]
[lanhuongvietanh.iwedding.info/templates/template18/fonts/et-line.svg/index.html]
[lanhuongvietanh.iwedding.info/templates/template18/images/fancybox_sprite.png/index.html]
[lanhuongvietanh.iwedding.info/templates/template18/images/fancybox_loading.gif/index.html]
[lanhuongvietanh.iwedding.info/templates/template18/images/blank.html/index.html]
[lanhuongvietanh.iwedding.info/templates/template18/images/fancybox_overlay.png/index.html]
[lanhuongvietanh.iwedding.info/templates/template18/images/fancybox_sprite@2x.png/index.html]
[lanhuongvietanh.iwedding.info/templates/template18/images/fancybox_loading@2x.gif/index.html]
[cdn.jsdelivr.net/npm/bootstrap@5.2.0/dist/css/bootstrap.min.css]
[htmldesigntemplates.com/wp-includes/css/dist/block-library/style.min7404.css]
[htmldesigntemplates.com/wp-content/themes/hello-elementor/style.min0875.css]
[htmldesigntemplates.com/wp-content/themes/hello-elementor/theme.min0875.css]
[htmldesigntemplates.com/wp-content/plugins/elementor/assets/lib/eicons/css/elementor-icons.min7816.html]
[htmldesigntemplates.com/wp-content/plugins/elementor/assets/css/frontend.min3ab2.html]
[htmldesigntemplates.com/wp-content/uploads/elementor/css/post-74fae.html]
[htmldesigntemplates.com/wp-content/plugins/elementor-pro/assets/css/frontend.mina767.html]
[htmldesigntemplates.com/wp-content/uploads/elementor/css/global4fae.html]
[htmldesigntemplates.com/wp-content/uploads/2023/07/brainstorming-some-bright-ideas-shot-of-businessp-2023-01-09-22-04-10-utc.jpg]
[htmldesigntemplates.com/wp-content/uploads/2023/08/Hand-Holding.png]
[htmldesigntemplates.com/wp-content/uploads/2023/11/features_product_dots.d2f16a3e1.png]
[htmldesigntemplates.com/wp-content/uploads/2023/07/business-people-discussion-digital-tablet-technolo-2022-12-16-01-26-36-utc.jpg]
[htmldesigntemplates.com/wp-content/uploads/2023/07/customer-support-writing-and-businessman-at-compu-2022-12-14-02-00-43-utc.jpg]
[htmldesigntemplates.com/wp-content/uploads/2023/07/group-meeting-around-table-at-graduate-recruitment-assessment-day.jpg]
[htmldesigntemplates.com/wp-content/uploads/2023/07/woman-shaking-hands-with-cheerful-recruiter-in-glasses-holding-clipboard.jpg]
[htmldesigntemplates.com/wp-content/uploads/elementor/css/post-54fae.css]
[htmldesigntemplates.com/wp-content/uploads/elementor/css/post-524fae.css]
[htmldesigntemplates.com/wp-content/uploads/elementor/css/post-3514fae.css]
[htmldesigntemplates.com/wp-content/plugins/elementor/assets/lib/font-awesome/css/fontawesome.min52d5.html]
[htmldesigntemplates.com/wp-content/plugins/elementor/assets/lib/font-awesome/css/solid.min52d5.html]
[htmldesigntemplates.com/wp-content/plugins/elementor/assets/lib/animations/animations.min3ab2.html]
[htmldesigntemplates.com/wp-content/plugins/elementor-pro/assets/lib/smartmenus/jquery.smartmenus.minf269.html]
[htmldesigntemplates.com/wp-content/plugins/elementor/assets/lib/jquery-numerator/jquery-numerator.min3958.html]
[htmldesigntemplates.com/wp-content/plugins/elementor-pro/assets/js/webpack-pro.runtime.mina767.html]
[htmldesigntemplates.com/wp-content/plugins/elementor/assets/js/webpack.runtime.min3ab2.html]
[htmldesigntemplates.com/wp-content/plugins/elementor/assets/js/frontend-modules.min3ab2.html]
[htmldesigntemplates.com/wp-content/plugins/elementor-pro/assets/js/frontend.mina767.html]
[htmldesigntemplates.com/wp-content/plugins/elementor/assets/lib/waypoints/waypoints.min05da.html]
[htmldesigntemplates.com/wp-content/plugins/elementor/assets/js/frontend.min3ab2.html]
[htmldesigntemplates.com/wp-content/plugins/elementor-pro/assets/js/elements-handlers.mina767.html]
[htmldesigntemplates.com/wp-content/plugins/elementor-pro/assets/lib/sticky/jquery.sticky.mina767.html]
